<?xml version="1.0" encoding="UTF-8"?>
<!-- Generated by org.testng.reporters.JUnitReportReporter -->
<testsuite hostname="DESKTOP-92L7CGC" failures="0" tests="1" name="TestCase.DashboardPage_TC" time="0.003" errors="0" timestamp="2023-12-27T23:59:33 MST" skipped="0">
  <testcase classname="TestCase.DashboardPage_TC" name="m1" time="0.003"/>
  <system-out/>
</testsuite> <!-- TestCase.DashboardPage_TC -->
