<?xml version="1.0" encoding="UTF-8"?>
<!-- Generated by org.testng.reporters.JUnitReportReporter -->
<testsuite hostname="DESKTOP-92L7CGC" failures="0" tests="1" name="TestCase.Login_page_TC" time="0.685" errors="0" timestamp="2023-12-28T00:26:27 MST" skipped="0">
  <testcase classname="TestCase.Login_page_TC" name="login" time="0.685"/>
  <system-out/>
</testsuite> <!-- TestCase.Login_page_TC -->
